d:\data\github\c++\dsa-myvector\dsa-myvector\debug\dsa-myvector.pch.codeanalysis
d:\data\github\c++\dsa-myvector\dsa-myvector\debug\vc140.pdb
d:\data\github\c++\dsa-myvector\dsa-myvector\debug\vc140.idb
d:\data\github\c++\dsa-myvector\dsa-myvector\debug\dsa-myvector.pch.codeanalysisast
d:\data\github\c++\dsa-myvector\dsa-myvector\debug\stdafx.nativecodeanalysis.xml
d:\data\github\c++\dsa-myvector\dsa-myvector\debug\stdafx.obj
d:\data\github\c++\dsa-myvector\dsa-myvector\debug\dsa-myvector.pch
d:\data\github\c++\dsa-myvector\dsa-myvector\debug\dsa-myvector.nativecodeanalysis.xml
d:\data\github\c++\dsa-myvector\dsa-myvector\debug\dsa-myvector.obj
d:\data\github\c++\dsa-myvector\debug\dsa-myvector.ilk
d:\data\github\c++\dsa-myvector\debug\dsa-myvector.exe
d:\data\github\c++\dsa-myvector\debug\dsa-myvector.pdb
d:\data\github\c++\dsa-myvector\dsa-myvector\debug\nativecodeanalysis.read.1.tlog
d:\data\github\c++\dsa-myvector\dsa-myvector\debug\vc.nativecodeanalysis.all.xml
d:\data\github\c++\dsa-myvector\debug\dsa-myvector.exe.lastcodeanalysissucceeded
d:\data\github\c++\dsa-myvector\dsa-myvector\debug\dsa-myvector.tlog\cl.command.1.tlog
d:\data\github\c++\dsa-myvector\dsa-myvector\debug\dsa-myvector.tlog\cl.read.1.tlog
d:\data\github\c++\dsa-myvector\dsa-myvector\debug\dsa-myvector.tlog\cl.write.1.tlog
d:\data\github\c++\dsa-myvector\dsa-myvector\debug\dsa-myvector.tlog\link.command.1.tlog
d:\data\github\c++\dsa-myvector\dsa-myvector\debug\dsa-myvector.tlog\link.read.1.tlog
d:\data\github\c++\dsa-myvector\dsa-myvector\debug\dsa-myvector.tlog\link.write.1.tlog
